[1/2] "C:/Program Files/Microsoft Visual Studio/2022/Community/Common7/IDE/CommonExtensions/Microsoft/CMake/CMake/bin/cmake.exe" -E chdir "../../x64-windows-dbg" "C:/Program Files/Microsoft Visual Studio/2022/Community/Common7/IDE/CommonExtensions/Microsoft/CMake/CMake/bin/cmake.exe" "//Desktop-8n7nb0d/d/UnrealProjects/C7_building_UE4/vcpkg_installed/vcpkg/blds/zeromq/src/v4.3.5-37c87b6b8c.clean" "-G" "Ninja" "-DCMAKE_BUILD_TYPE=Debug" "-DCMAKE_INSTALL_PREFIX=//Desktop-8n7nb0d/d/UnrealProjects/C7_building_UE4/vcpkg_installed/vcpkg/pkgs/zeromq_x64-windows/debug" "-DFETCHCONTENT_FULLY_DISCONNECTED=ON" "-DZMQ_BUILD_TESTS=OFF" "-DBUILD_STATIC=0" "-DBUILD_SHARED=1" "-DWITH_PERF_TOOL=OFF" "-DWITH_DOCS=OFF" "-DWITH_NSS=OFF" "-DWITH_LIBBSD=OFF" "-DCMAKE_REQUIRE_FIND_PACKAGE_GnuTLS=ON" "-DWITH_LIBSODIUM_STATIC=0" "-DWITH_LIBSODIUM=OFF" "-DENABLE_DRAFTS=OFF" "-DENABLE_WS=OFF" "-DWITH_TLS=OFF" "-DENABLE_CURVE=OFF" "-DPKG_CONFIG_EXECUTABLE=C:/Users/Duke/AppData/Local/vcpkg/downloads/tools/msys2/1e74ca60daa10104/mingw64/bin/pkg-config.exe" "-DCMAKE_MAKE_PROGRAM=C:/Program Files/Microsoft Visual Studio/2022/Community/Common7/IDE/CommonExtensions/Microsoft/CMake/Ninja/ninja.exe" "-DBUILD_SHARED_LIBS=ON" "-DVCPKG_CHAINLOAD_TOOLCHAIN_FILE=C:/Program Files/Microsoft Visual Studio/2022/Community/VC/vcpkg/scripts/toolchains/windows.cmake" "-DVCPKG_TARGET_TRIPLET=x64-windows" "-DVCPKG_SET_CHARSET_FLAG=ON" "-DVCPKG_PLATFORM_TOOLSET=v143" "-DCMAKE_EXPORT_NO_PACKAGE_REGISTRY=ON" "-DCMAKE_FIND_PACKAGE_NO_PACKAGE_REGISTRY=ON" "-DCMAKE_FIND_PACKAGE_NO_SYSTEM_PACKAGE_REGISTRY=ON" "-DCMAKE_INSTALL_SYSTEM_RUNTIME_LIBS_SKIP=TRUE" "-DCMAKE_VERBOSE_MAKEFILE=ON" "-DVCPKG_APPLOCAL_DEPS=OFF" "-DCMAKE_TOOLCHAIN_FILE=C:/Program Files/Microsoft Visual Studio/2022/Community/VC/vcpkg/scripts/buildsystems/vcpkg.cmake" "-DCMAKE_ERROR_ON_ABSOLUTE_INSTALL_DESTINATION=ON" "-DVCPKG_CXX_FLAGS=" "-DVCPKG_CXX_FLAGS_RELEASE=" "-DVCPKG_CXX_FLAGS_DEBUG=" "-DVCPKG_C_FLAGS=" "-DVCPKG_C_FLAGS_RELEASE=" "-DVCPKG_C_FLAGS_DEBUG=" "-DVCPKG_CRT_LINKAGE=dynamic" "-DVCPKG_LINKER_FLAGS=" "-DVCPKG_LINKER_FLAGS_RELEASE=" "-DVCPKG_LINKER_FLAGS_DEBUG=" "-DVCPKG_TARGET_ARCHITECTURE=x64" "-DCMAKE_INSTALL_LIBDIR:STRING=lib" "-DCMAKE_INSTALL_BINDIR:STRING=bin" "-D_VCPKG_ROOT_DIR=C:/Program Files/Microsoft Visual Studio/2022/Community/VC/vcpkg" "-D_VCPKG_INSTALLED_DIR=//Desktop-8n7nb0d/d/UnrealProjects/C7_building_UE4/vcpkg_installed" "-DVCPKG_MANIFEST_INSTALL=OFF" "-DCMAKE_PDB_OUTPUT_DIRECTORY=//Desktop-8n7nb0d/d/UnrealProjects/C7_building_UE4/vcpkg_installed/vcpkg/blds/zeromq/x64-windows-dbg"
FAILED: ../../x64-windows-dbg/CMakeCache.txt 
"C:/Program Files/Microsoft Visual Studio/2022/Community/Common7/IDE/CommonExtensions/Microsoft/CMake/CMake/bin/cmake.exe" -E chdir "../../x64-windows-dbg" "C:/Program Files/Microsoft Visual Studio/2022/Community/Common7/IDE/CommonExtensions/Microsoft/CMake/CMake/bin/cmake.exe" "//Desktop-8n7nb0d/d/UnrealProjects/C7_building_UE4/vcpkg_installed/vcpkg/blds/zeromq/src/v4.3.5-37c87b6b8c.clean" "-G" "Ninja" "-DCMAKE_BUILD_TYPE=Debug" "-DCMAKE_INSTALL_PREFIX=//Desktop-8n7nb0d/d/UnrealProjects/C7_building_UE4/vcpkg_installed/vcpkg/pkgs/zeromq_x64-windows/debug" "-DFETCHCONTENT_FULLY_DISCONNECTED=ON" "-DZMQ_BUILD_TESTS=OFF" "-DBUILD_STATIC=0" "-DBUILD_SHARED=1" "-DWITH_PERF_TOOL=OFF" "-DWITH_DOCS=OFF" "-DWITH_NSS=OFF" "-DWITH_LIBBSD=OFF" "-DCMAKE_REQUIRE_FIND_PACKAGE_GnuTLS=ON" "-DWITH_LIBSODIUM_STATIC=0" "-DWITH_LIBSODIUM=OFF" "-DENABLE_DRAFTS=OFF" "-DENABLE_WS=OFF" "-DWITH_TLS=OFF" "-DENABLE_CURVE=OFF" "-DPKG_CONFIG_EXECUTABLE=C:/Users/Duke/AppData/Local/vcpkg/downloads/tools/msys2/1e74ca60daa10104/mingw64/bin/pkg-config.exe" "-DCMAKE_MAKE_PROGRAM=C:/Program Files/Microsoft Visual Studio/2022/Community/Common7/IDE/CommonExtensions/Microsoft/CMake/Ninja/ninja.exe" "-DBUILD_SHARED_LIBS=ON" "-DVCPKG_CHAINLOAD_TOOLCHAIN_FILE=C:/Program Files/Microsoft Visual Studio/2022/Community/VC/vcpkg/scripts/toolchains/windows.cmake" "-DVCPKG_TARGET_TRIPLET=x64-windows" "-DVCPKG_SET_CHARSET_FLAG=ON" "-DVCPKG_PLATFORM_TOOLSET=v143" "-DCMAKE_EXPORT_NO_PACKAGE_REGISTRY=ON" "-DCMAKE_FIND_PACKAGE_NO_PACKAGE_REGISTRY=ON" "-DCMAKE_FIND_PACKAGE_NO_SYSTEM_PACKAGE_REGISTRY=ON" "-DCMAKE_INSTALL_SYSTEM_RUNTIME_LIBS_SKIP=TRUE" "-DCMAKE_VERBOSE_MAKEFILE=ON" "-DVCPKG_APPLOCAL_DEPS=OFF" "-DCMAKE_TOOLCHAIN_FILE=C:/Program Files/Microsoft Visual Studio/2022/Community/VC/vcpkg/scripts/buildsystems/vcpkg.cmake" "-DCMAKE_ERROR_ON_ABSOLUTE_INSTALL_DESTINATION=ON" "-DVCPKG_CXX_FLAGS=" "-DVCPKG_CXX_FLAGS_RELEASE=" "-DVCPKG_CXX_FLAGS_DEBUG=" "-DVCPKG_C_FLAGS=" "-DVCPKG_C_FLAGS_RELEASE=" "-DVCPKG_C_FLAGS_DEBUG=" "-DVCPKG_CRT_LINKAGE=dynamic" "-DVCPKG_LINKER_FLAGS=" "-DVCPKG_LINKER_FLAGS_RELEASE=" "-DVCPKG_LINKER_FLAGS_DEBUG=" "-DVCPKG_TARGET_ARCHITECTURE=x64" "-DCMAKE_INSTALL_LIBDIR:STRING=lib" "-DCMAKE_INSTALL_BINDIR:STRING=bin" "-D_VCPKG_ROOT_DIR=C:/Program Files/Microsoft Visual Studio/2022/Community/VC/vcpkg" "-D_VCPKG_INSTALLED_DIR=//Desktop-8n7nb0d/d/UnrealProjects/C7_building_UE4/vcpkg_installed" "-DVCPKG_MANIFEST_INSTALL=OFF" "-DCMAKE_PDB_OUTPUT_DIRECTORY=//Desktop-8n7nb0d/d/UnrealProjects/C7_building_UE4/vcpkg_installed/vcpkg/blds/zeromq/x64-windows-dbg"
CMake Warning (dev) at CMakeLists.txt:2 (project):
  cmake_minimum_required() should be called prior to this top-level project()
  call.  Please see the cmake-commands(7) manual for usage documentation of
  both commands.
This warning is for project developers.  Use -Wno-dev to suppress it.

-- The C compiler identification is MSVC 19.42.34436.0
-- The CXX compiler identification is MSVC 19.42.34436.0
-- Detecting C compiler ABI info
-- Detecting C compiler ABI info - failed
-- Check for working C compiler: C:/Program Files/Microsoft Visual Studio/2022/Community/VC/Tools/MSVC/14.42.34433/bin/Hostx64/x64/cl.exe
-- Check for working C compiler: C:/Program Files/Microsoft Visual Studio/2022/Community/VC/Tools/MSVC/14.42.34433/bin/Hostx64/x64/cl.exe - broken
CMake Error at C:/Program Files/Microsoft Visual Studio/2022/Community/Common7/IDE/CommonExtensions/Microsoft/CMake/CMake/share/cmake-3.29/Modules/CMakeTestCCompiler.cmake:67 (message):
  The C compiler

    "C:/Program Files/Microsoft Visual Studio/2022/Community/VC/Tools/MSVC/14.42.34433/bin/Hostx64/x64/cl.exe"

  is not able to compile a simple test program.

  It fails with the following output:

    Change Dir: '//Desktop-8n7nb0d/d/UnrealProjects/C7_building_UE4/vcpkg_installed/vcpkg/blds/zeromq/x64-windows-dbg/CMakeFiles/CMakeScratch/TryCompile-i1e16e'
    
    Run Build Command(s): "C:/Program Files/Microsoft Visual Studio/2022/Community/Common7/IDE/CommonExtensions/Microsoft/CMake/Ninja/ninja.exe" -v cmTC_ca806
    [1/2] C:\PROGRA~1\MIB055~1\2022\COMMUN~1\VC\Tools\MSVC\1442~1.344\bin\Hostx64\x64\cl.exe  /nologo   /nologo /DWIN32 /D_WINDOWS /utf-8 /MP   /D_DEBUG /MDd /Z7 /Ob0 /Od /RTC1 /showIncludes /FoCMakeFiles\cmTC_ca806.dir\testCCompiler.c.obj /FdCMakeFiles\cmTC_ca806.dir\ /FS -c \\Desktop-8n7nb0d\d\UnrealProjects\C7_building_UE4\vcpkg_installed\vcpkg\blds\zeromq\x64-windows-dbg\CMakeFiles\CMakeScratch\TryCompile-i1e16e\testCCompiler.c
    [2/2] C:\WINDOWS\system32\cmd.exe /C "cd . && "C:\Program Files\Microsoft Visual Studio\2022\Community\Common7\IDE\CommonExtensions\Microsoft\CMake\CMake\bin\cmake.exe" -E vs_link_exe --intdir=CMakeFiles\cmTC_ca806.dir --rc=C:\PROGRA~2\WI3CF2~1\10\bin\100226~1.0\x64\rc.exe --mt=C:\PROGRA~2\WI3CF2~1\10\bin\100226~1.0\x64\mt.exe --manifests  -- C:\PROGRA~1\MIB055~1\2022\COMMUN~1\VC\Tools\MSVC\1442~1.344\bin\Hostx64\x64\link.exe /nologo CMakeFiles\cmTC_ca806.dir\testCCompiler.c.obj  /out:cmTC_ca806.exe /implib:cmTC_ca806.lib /pdb:cmTC_ca806.pdb /version:0.0 /machine:x64  /nologo    /debug /INCREMENTAL /subsystem:console  kernel32.lib user32.lib gdi32.lib winspool.lib shell32.lib ole32.lib oleaut32.lib uuid.lib comdlg32.lib advapi32.lib && cd ."
    FAILED: cmTC_ca806.exe 
    C:\WINDOWS\system32\cmd.exe /C "cd . && "C:\Program Files\Microsoft Visual Studio\2022\Community\Common7\IDE\CommonExtensions\Microsoft\CMake\CMake\bin\cmake.exe" -E vs_link_exe --intdir=CMakeFiles\cmTC_ca806.dir --rc=C:\PROGRA~2\WI3CF2~1\10\bin\100226~1.0\x64\rc.exe --mt=C:\PROGRA~2\WI3CF2~1\10\bin\100226~1.0\x64\mt.exe --manifests  -- C:\PROGRA~1\MIB055~1\2022\COMMUN~1\VC\Tools\MSVC\1442~1.344\bin\Hostx64\x64\link.exe /nologo CMakeFiles\cmTC_ca806.dir\testCCompiler.c.obj  /out:cmTC_ca806.exe /implib:cmTC_ca806.lib /pdb:cmTC_ca806.pdb /version:0.0 /machine:x64  /nologo    /debug /INCREMENTAL /subsystem:console  kernel32.lib user32.lib gdi32.lib winspool.lib shell32.lib ole32.lib oleaut32.lib uuid.lib comdlg32.lib advapi32.lib && cd ."
    '\\Desktop-8n7nb0d\d\UnrealProjects\C7_building_UE4\vcpkg_installed\vcpkg\blds\zeromq\x64-windows-dbg\CMakeFiles\CMakeScratch\TryCompile-i1e16e'
    CMD.EXE was started with the above path as the current directory.
    UNC paths are not supported.  Defaulting to Windows directory.
    ninja: build stopped: subcommand failed.
    
    

  

  CMake will not be able to correctly generate this project.
Call Stack (most recent call first):
  CMakeLists.txt:2 (project)


-- Configuring incomplete, errors occurred!
[2/2] "C:/Program Files/Microsoft Visual Studio/2022/Community/Common7/IDE/CommonExtensions/Microsoft/CMake/CMake/bin/cmake.exe" -E chdir ".." "C:/Program Files/Microsoft Visual Studio/2022/Community/Common7/IDE/CommonExtensions/Microsoft/CMake/CMake/bin/cmake.exe" "//Desktop-8n7nb0d/d/UnrealProjects/C7_building_UE4/vcpkg_installed/vcpkg/blds/zeromq/src/v4.3.5-37c87b6b8c.clean" "-G" "Ninja" "-DCMAKE_BUILD_TYPE=Release" "-DCMAKE_INSTALL_PREFIX=//Desktop-8n7nb0d/d/UnrealProjects/C7_building_UE4/vcpkg_installed/vcpkg/pkgs/zeromq_x64-windows" "-DFETCHCONTENT_FULLY_DISCONNECTED=ON" "-DZMQ_BUILD_TESTS=OFF" "-DBUILD_STATIC=0" "-DBUILD_SHARED=1" "-DWITH_PERF_TOOL=OFF" "-DWITH_DOCS=OFF" "-DWITH_NSS=OFF" "-DWITH_LIBBSD=OFF" "-DCMAKE_REQUIRE_FIND_PACKAGE_GnuTLS=ON" "-DWITH_LIBSODIUM_STATIC=0" "-DWITH_LIBSODIUM=OFF" "-DENABLE_DRAFTS=OFF" "-DENABLE_WS=OFF" "-DWITH_TLS=OFF" "-DENABLE_CURVE=OFF" "-DPKG_CONFIG_EXECUTABLE=C:/Users/Duke/AppData/Local/vcpkg/downloads/tools/msys2/1e74ca60daa10104/mingw64/bin/pkg-config.exe" "-DCMAKE_MAKE_PROGRAM=C:/Program Files/Microsoft Visual Studio/2022/Community/Common7/IDE/CommonExtensions/Microsoft/CMake/Ninja/ninja.exe" "-DBUILD_SHARED_LIBS=ON" "-DVCPKG_CHAINLOAD_TOOLCHAIN_FILE=C:/Program Files/Microsoft Visual Studio/2022/Community/VC/vcpkg/scripts/toolchains/windows.cmake" "-DVCPKG_TARGET_TRIPLET=x64-windows" "-DVCPKG_SET_CHARSET_FLAG=ON" "-DVCPKG_PLATFORM_TOOLSET=v143" "-DCMAKE_EXPORT_NO_PACKAGE_REGISTRY=ON" "-DCMAKE_FIND_PACKAGE_NO_PACKAGE_REGISTRY=ON" "-DCMAKE_FIND_PACKAGE_NO_SYSTEM_PACKAGE_REGISTRY=ON" "-DCMAKE_INSTALL_SYSTEM_RUNTIME_LIBS_SKIP=TRUE" "-DCMAKE_VERBOSE_MAKEFILE=ON" "-DVCPKG_APPLOCAL_DEPS=OFF" "-DCMAKE_TOOLCHAIN_FILE=C:/Program Files/Microsoft Visual Studio/2022/Community/VC/vcpkg/scripts/buildsystems/vcpkg.cmake" "-DCMAKE_ERROR_ON_ABSOLUTE_INSTALL_DESTINATION=ON" "-DVCPKG_CXX_FLAGS=" "-DVCPKG_CXX_FLAGS_RELEASE=" "-DVCPKG_CXX_FLAGS_DEBUG=" "-DVCPKG_C_FLAGS=" "-DVCPKG_C_FLAGS_RELEASE=" "-DVCPKG_C_FLAGS_DEBUG=" "-DVCPKG_CRT_LINKAGE=dynamic" "-DVCPKG_LINKER_FLAGS=" "-DVCPKG_LINKER_FLAGS_RELEASE=" "-DVCPKG_LINKER_FLAGS_DEBUG=" "-DVCPKG_TARGET_ARCHITECTURE=x64" "-DCMAKE_INSTALL_LIBDIR:STRING=lib" "-DCMAKE_INSTALL_BINDIR:STRING=bin" "-D_VCPKG_ROOT_DIR=C:/Program Files/Microsoft Visual Studio/2022/Community/VC/vcpkg" "-D_VCPKG_INSTALLED_DIR=//Desktop-8n7nb0d/d/UnrealProjects/C7_building_UE4/vcpkg_installed" "-DVCPKG_MANIFEST_INSTALL=OFF"
FAILED: ../CMakeCache.txt 
"C:/Program Files/Microsoft Visual Studio/2022/Community/Common7/IDE/CommonExtensions/Microsoft/CMake/CMake/bin/cmake.exe" -E chdir ".." "C:/Program Files/Microsoft Visual Studio/2022/Community/Common7/IDE/CommonExtensions/Microsoft/CMake/CMake/bin/cmake.exe" "//Desktop-8n7nb0d/d/UnrealProjects/C7_building_UE4/vcpkg_installed/vcpkg/blds/zeromq/src/v4.3.5-37c87b6b8c.clean" "-G" "Ninja" "-DCMAKE_BUILD_TYPE=Release" "-DCMAKE_INSTALL_PREFIX=//Desktop-8n7nb0d/d/UnrealProjects/C7_building_UE4/vcpkg_installed/vcpkg/pkgs/zeromq_x64-windows" "-DFETCHCONTENT_FULLY_DISCONNECTED=ON" "-DZMQ_BUILD_TESTS=OFF" "-DBUILD_STATIC=0" "-DBUILD_SHARED=1" "-DWITH_PERF_TOOL=OFF" "-DWITH_DOCS=OFF" "-DWITH_NSS=OFF" "-DWITH_LIBBSD=OFF" "-DCMAKE_REQUIRE_FIND_PACKAGE_GnuTLS=ON" "-DWITH_LIBSODIUM_STATIC=0" "-DWITH_LIBSODIUM=OFF" "-DENABLE_DRAFTS=OFF" "-DENABLE_WS=OFF" "-DWITH_TLS=OFF" "-DENABLE_CURVE=OFF" "-DPKG_CONFIG_EXECUTABLE=C:/Users/Duke/AppData/Local/vcpkg/downloads/tools/msys2/1e74ca60daa10104/mingw64/bin/pkg-config.exe" "-DCMAKE_MAKE_PROGRAM=C:/Program Files/Microsoft Visual Studio/2022/Community/Common7/IDE/CommonExtensions/Microsoft/CMake/Ninja/ninja.exe" "-DBUILD_SHARED_LIBS=ON" "-DVCPKG_CHAINLOAD_TOOLCHAIN_FILE=C:/Program Files/Microsoft Visual Studio/2022/Community/VC/vcpkg/scripts/toolchains/windows.cmake" "-DVCPKG_TARGET_TRIPLET=x64-windows" "-DVCPKG_SET_CHARSET_FLAG=ON" "-DVCPKG_PLATFORM_TOOLSET=v143" "-DCMAKE_EXPORT_NO_PACKAGE_REGISTRY=ON" "-DCMAKE_FIND_PACKAGE_NO_PACKAGE_REGISTRY=ON" "-DCMAKE_FIND_PACKAGE_NO_SYSTEM_PACKAGE_REGISTRY=ON" "-DCMAKE_INSTALL_SYSTEM_RUNTIME_LIBS_SKIP=TRUE" "-DCMAKE_VERBOSE_MAKEFILE=ON" "-DVCPKG_APPLOCAL_DEPS=OFF" "-DCMAKE_TOOLCHAIN_FILE=C:/Program Files/Microsoft Visual Studio/2022/Community/VC/vcpkg/scripts/buildsystems/vcpkg.cmake" "-DCMAKE_ERROR_ON_ABSOLUTE_INSTALL_DESTINATION=ON" "-DVCPKG_CXX_FLAGS=" "-DVCPKG_CXX_FLAGS_RELEASE=" "-DVCPKG_CXX_FLAGS_DEBUG=" "-DVCPKG_C_FLAGS=" "-DVCPKG_C_FLAGS_RELEASE=" "-DVCPKG_C_FLAGS_DEBUG=" "-DVCPKG_CRT_LINKAGE=dynamic" "-DVCPKG_LINKER_FLAGS=" "-DVCPKG_LINKER_FLAGS_RELEASE=" "-DVCPKG_LINKER_FLAGS_DEBUG=" "-DVCPKG_TARGET_ARCHITECTURE=x64" "-DCMAKE_INSTALL_LIBDIR:STRING=lib" "-DCMAKE_INSTALL_BINDIR:STRING=bin" "-D_VCPKG_ROOT_DIR=C:/Program Files/Microsoft Visual Studio/2022/Community/VC/vcpkg" "-D_VCPKG_INSTALLED_DIR=//Desktop-8n7nb0d/d/UnrealProjects/C7_building_UE4/vcpkg_installed" "-DVCPKG_MANIFEST_INSTALL=OFF"
CMake Warning (dev) at CMakeLists.txt:2 (project):
  cmake_minimum_required() should be called prior to this top-level project()
  call.  Please see the cmake-commands(7) manual for usage documentation of
  both commands.
This warning is for project developers.  Use -Wno-dev to suppress it.

-- The C compiler identification is MSVC 19.42.34436.0
-- The CXX compiler identification is MSVC 19.42.34436.0
-- Detecting C compiler ABI info
-- Detecting C compiler ABI info - failed
-- Check for working C compiler: C:/Program Files/Microsoft Visual Studio/2022/Community/VC/Tools/MSVC/14.42.34433/bin/Hostx64/x64/cl.exe
-- Check for working C compiler: C:/Program Files/Microsoft Visual Studio/2022/Community/VC/Tools/MSVC/14.42.34433/bin/Hostx64/x64/cl.exe - broken
CMake Error at C:/Program Files/Microsoft Visual Studio/2022/Community/Common7/IDE/CommonExtensions/Microsoft/CMake/CMake/share/cmake-3.29/Modules/CMakeTestCCompiler.cmake:67 (message):
  The C compiler

    "C:/Program Files/Microsoft Visual Studio/2022/Community/VC/Tools/MSVC/14.42.34433/bin/Hostx64/x64/cl.exe"

  is not able to compile a simple test program.

  It fails with the following output:

    Change Dir: '//Desktop-8n7nb0d/d/UnrealProjects/C7_building_UE4/vcpkg_installed/vcpkg/blds/zeromq/x64-windows-rel/CMakeFiles/CMakeScratch/TryCompile-hbncxe'
    
    Run Build Command(s): "C:/Program Files/Microsoft Visual Studio/2022/Community/Common7/IDE/CommonExtensions/Microsoft/CMake/Ninja/ninja.exe" -v cmTC_fc27c
    [1/2] C:\PROGRA~1\MIB055~1\2022\COMMUN~1\VC\Tools\MSVC\1442~1.344\bin\Hostx64\x64\cl.exe  /nologo   /nologo /DWIN32 /D_WINDOWS /utf-8 /MP   /D_DEBUG /MDd /Z7 /Ob0 /Od /RTC1 /showIncludes /FoCMakeFiles\cmTC_fc27c.dir\testCCompiler.c.obj /FdCMakeFiles\cmTC_fc27c.dir\ /FS -c \\Desktop-8n7nb0d\d\UnrealProjects\C7_building_UE4\vcpkg_installed\vcpkg\blds\zeromq\x64-windows-rel\CMakeFiles\CMakeScratch\TryCompile-hbncxe\testCCompiler.c
    [2/2] C:\WINDOWS\system32\cmd.exe /C "cd . && "C:\Program Files\Microsoft Visual Studio\2022\Community\Common7\IDE\CommonExtensions\Microsoft\CMake\CMake\bin\cmake.exe" -E vs_link_exe --intdir=CMakeFiles\cmTC_fc27c.dir --rc=C:\PROGRA~2\WI3CF2~1\10\bin\100226~1.0\x64\rc.exe --mt=C:\PROGRA~2\WI3CF2~1\10\bin\100226~1.0\x64\mt.exe --manifests  -- C:\PROGRA~1\MIB055~1\2022\COMMUN~1\VC\Tools\MSVC\1442~1.344\bin\Hostx64\x64\link.exe /nologo CMakeFiles\cmTC_fc27c.dir\testCCompiler.c.obj  /out:cmTC_fc27c.exe /implib:cmTC_fc27c.lib /pdb:cmTC_fc27c.pdb /version:0.0 /machine:x64  /nologo    /debug /INCREMENTAL /subsystem:console  kernel32.lib user32.lib gdi32.lib winspool.lib shell32.lib ole32.lib oleaut32.lib uuid.lib comdlg32.lib advapi32.lib && cd ."
    FAILED: cmTC_fc27c.exe 
    C:\WINDOWS\system32\cmd.exe /C "cd . && "C:\Program Files\Microsoft Visual Studio\2022\Community\Common7\IDE\CommonExtensions\Microsoft\CMake\CMake\bin\cmake.exe" -E vs_link_exe --intdir=CMakeFiles\cmTC_fc27c.dir --rc=C:\PROGRA~2\WI3CF2~1\10\bin\100226~1.0\x64\rc.exe --mt=C:\PROGRA~2\WI3CF2~1\10\bin\100226~1.0\x64\mt.exe --manifests  -- C:\PROGRA~1\MIB055~1\2022\COMMUN~1\VC\Tools\MSVC\1442~1.344\bin\Hostx64\x64\link.exe /nologo CMakeFiles\cmTC_fc27c.dir\testCCompiler.c.obj  /out:cmTC_fc27c.exe /implib:cmTC_fc27c.lib /pdb:cmTC_fc27c.pdb /version:0.0 /machine:x64  /nologo    /debug /INCREMENTAL /subsystem:console  kernel32.lib user32.lib gdi32.lib winspool.lib shell32.lib ole32.lib oleaut32.lib uuid.lib comdlg32.lib advapi32.lib && cd ."
    '\\Desktop-8n7nb0d\d\UnrealProjects\C7_building_UE4\vcpkg_installed\vcpkg\blds\zeromq\x64-windows-rel\CMakeFiles\CMakeScratch\TryCompile-hbncxe'
    CMD.EXE was started with the above path as the current directory.
    UNC paths are not supported.  Defaulting to Windows directory.
    ninja: build stopped: subcommand failed.
    
    

  

  CMake will not be able to correctly generate this project.
Call Stack (most recent call first):
  CMakeLists.txt:2 (project)


-- Configuring incomplete, errors occurred!
ninja: build stopped: subcommand failed.
